= Host-specific information ====================================================
$> hostname; uname -msr
e1r10p7.42.fr
Darwin 16.7.0 x86_64
$> date
Thu Apr 12 13:24:06 CEST 2018
$> gcc --version
Configured with: --prefix=/Applications/Xcode.app/Contents/Developer/usr --with-gxx-include-dir=/usr/include/c++/4.2.1
Apple LLVM version 9.0.0 (clang-900.0.39.2)
Target: x86_64-apple-darwin16.7.0
Thread model: posix
InstalledDir: /Applications/Xcode.app/Contents/Developer/Toolchains/XcodeDefault.xctoolchain/usr/bin
$> clang --version
Apple LLVM version 9.0.0 (clang-900.0.39.2)
Target: x86_64-apple-darwin16.7.0
Thread model: posix
InstalledDir: /Applications/Xcode.app/Contents/Developer/Toolchains/XcodeDefault.xctoolchain/usr/bin

= User files collection ========================================================
Collecting user files from Vogsphere
Repository URL: auto-exam/2018/c-exam-alone-in-the-dark-beginner/practice-exam_20180412/pfragnou

= Git history ==================================================================
$> git -C /var/folders/0x/81j9mrk5023_559vwx0b5ypm0000gq/T/tmplxajB5/user log --pretty='%H - %an, %ad : %s'
49abd8071bc1d1179cc55e4c0bb2f0de2b2c2786 - Pascal FRAGNOUD, Thu Apr 12 13:23:54 2018 +0200 : training lvl3 : pgcd
8f1a76e899923dfd33945272dd2c20ab9c1129c3 - Pascal FRAGNOUD, Thu Apr 12 13:12:00 2018 +0200 : practice level 02
 
= Collected files ==========================================
$> ls -lAR /var/folders/0x/81j9mrk5023_559vwx0b5ypm0000gq/T/tmplxajB5/user
total 8
-rw-r--r--  1 deepthought  deepthought  518 Apr 12 13:24 __GIT_HISTORY
drwxr-xr-x  3 deepthought  deepthought  102 Apr 12 13:24 ft_strcspn
drwxr-xr-x  3 deepthought  deepthought  102 Apr 12 13:24 pgcd

/var/folders/0x/81j9mrk5023_559vwx0b5ypm0000gq/T/tmplxajB5/user/ft_strcspn:
total 8
-rw-r--r--  1 deepthought  deepthought  1184 Apr 12 13:24 ft_strcspn.c

/var/folders/0x/81j9mrk5023_559vwx0b5ypm0000gq/T/tmplxajB5/user/pgcd:
total 8
-rw-r--r--  1 deepthought  deepthought  1186 Apr 12 13:24 pgcd.c
 
= pgcd =========================================================================
$> clang -Wextra -Wall -Werror pgcd.c -o user_exe 

= Test 1 ===================================================
$> ./slyvnpm6qdvl59lcne5mo3wt "920556" "1980488"
$> diff -U 3 user_output_test1 test1.output | cat -e

Diff OK :D
= Test 2 ===================================================
$> ./dlrv9i0cd3ykjnert04hiyh1 "110360" "116932"
$> diff -U 3 user_output_test2 test2.output | cat -e

Diff OK :D
= Test 3 ===================================================
$> ./br8yhslqoh427vy8yoz0jgiv "9001392" "2568344"
$> diff -U 3 user_output_test3 test3.output | cat -e

Diff OK :D
= Test 4 ===================================================
$> ./wq0dn7wbhn0hj3na3uso2qr7 "4696941" "4664522"
$> diff -U 3 user_output_test4 test4.output | cat -e

Diff OK :D
= Test 5 ===================================================
$> ./jqcfhpa6jsb72i5pjnxk6tsu "2184164" "5139728"
$> diff -U 3 user_output_test5 test5.output | cat -e

Diff OK :D
= Test 6 ===================================================
$> ./315fdgoln0yjj98sqxlfx0yb "168857" "103974"
$> diff -U 3 user_output_test6 test6.output | cat -e

Diff OK :D
= Test 7 ===================================================
$> ./bz97qa2fxmndts9fpa9l3eqh "1741531" "451333"
$> diff -U 3 user_output_test7 test7.output | cat -e

Diff OK :D
= Test 8 ===================================================
$> ./ekfttwji7138ms4kvpudg3mu "1803684" "3539916"
$> diff -U 3 user_output_test8 test8.output | cat -e

Diff OK :D
= Test 9 ===================================================
$> ./aeefwh3s9c4lyvq4p2hj3vy7 "6459449" "608205"
$> diff -U 3 user_output_test9 test9.output | cat -e

Diff OK :D
= Test 10 ==================================================
$> ./f3ec0o44qwvo8x5osqdqgdkb "10166382" "148932"
$> diff -U 3 user_output_test10 test10.output | cat -e

Diff OK :D
= Test 11 ==================================================
$> ./k4pcbzdtwgaxvea6jtw17hy1 "13522854" "8166288"
$> diff -U 3 user_output_test11 test11.output | cat -e

Diff OK :D
= Test 12 ==================================================
$> ./mgmdtzxuws1gns01orw26jb8 "15" "18"
$> diff -U 3 user_output_test12 test12.output | cat -e

Diff OK :D
= Test 13 ==================================================
$> ./lfrivzqdlx75vee8pmyu41k3 "1" "17"
$> diff -U 3 user_output_test13 test13.output | cat -e

Diff OK :D
= Test 14 ==================================================
$> ./01adrrfij6wkg7qac9pyprf8 "17" "33"
$> diff -U 3 user_output_test14 test14.output | cat -e

Diff OK :D
= Test 15 ==================================================
$> ./rmnpeqarhzlvz9p4tq2ndcno "42" "4324232"
$> diff -U 3 user_output_test15 test15.output | cat -e

Diff OK :D
Grade: 1

= Final grade: 1 ===============================================================
